[firsttruistcus.com/index.html]
[backblue.gif]
[fade.gif]
[index.html]
[firsttruistcus.com/storage/app/public/photos/QeDeSHnRvDtKS1uEZmq5svmALu0FqZgcUBzHS5hx.png]
[cdn.jsdelivr.net/npm/alpinejs@3.x.x/dist/cdn.min.js]
[firsttruistcus.com/login.html]
[cdn.jsdelivr.net/gh/aquawolf04/font-awesome-pro@5cd1511/css/all.css]
[firsttruistcus.com/storage/app/public/photos/tIcwYUeq1quOiVebKPCbXbWbj5zDzA5BPRAurhvj.png]
[firsttruistcus.com/register.html]
[firsttruistcus.com/about.html]
[firsttruistcus.com/alerts.html]
[firsttruistcus.com/chart.html]
[firsttruistcus.com/send-money.html]
[firsttruistcus.com/dashboard/cards.a.delayed]
[firsttruistcus.com/grants.html]
[firsttruistcus.com/contact.html]
[firsttruistcus.com/apps.html]
[firsttruistcus.com/images/home/metro.jpg]
[firsttruistcus.com/images/home/feature.jpg]
[firsttruistcus.com/verify.html]
[firsttruistcus.com/privacy.html]
[firsttruistcus.com/terms-of-service.html]
[www.smartsuppchat.com/loaderd41d.js]
[firsttruistcus.com/“https_/www.smartsupp.com”]
[firsttruistcus.com/index.html]
[cdn.jsdelivr.net/gh/aquawolf04/font-awesome-pro@5cd1511/css/all.css]
[firsttruistcus.com/login.html]
[firsttruistcus.com/forgot-password.html]
[firsttruistcus.com/register.html]
[firsttruistcus.com/about.html]
[firsttruistcus.com/chart.html]
[firsttruistcus.com/alerts.html]
[firsttruistcus.com/send-money.html]
[firsttruistcus.com/grants.html]
[firsttruistcus.com/contact.html]
[firsttruistcus.com/apps.html]
[code.jquery.com/jquery-3.6.0.min.js]
[firsttruistcus.com/temp/css/bootstrap.min.css]
[firsttruistcus.com/temp/css/line.css]
[firsttruistcus.com/temp/css/materialdesignicons.min.css]
[www.google.com/recaptcha/api.js]
[firsttruistcus.com/temp/css/style.css]
[firsttruistcus.com/temp/css/colors/blue.css]
[translate.google.com/translate_a/elementa0d8.js]
[firsttruistcus.com/storage/app/public/photos/photos/tIcwYUeq1quOiVebKPCbXbWbj5zDzA5BPRAurhvj.png]
[firsttruistcus.com/temp/js/jquery-3.5.1.min.js]
[firsttruistcus.com/temp/js/bootstrap.bundle.min.js]
[firsttruistcus.com/temp/js/owl.carousel.min.js]
[firsttruistcus.com/temp/js/owl.init.js]
[firsttruistcus.com/temp/js/feather.min.js]
[firsttruistcus.com/temp/js/bundle.js]
[firsttruistcus.com/temp/js/app.js]
[firsttruistcus.com/temp/js/widget.js]
[firsttruistcus.com/livewire/livewire6b46.js]
[firsttruistcus.com/verify.html]
[firsttruistcus.com/privacy.html]
[firsttruistcus.com/terms-of-service.html]
[firsttruistcus.com/“https_/www.smartsupp.html]
[firsttruistcus.com/forgot-password.html]
[firsttruistcus.com/temp/css/bootstrap.min.css]
[cdn.jsdelivr.net/gh/livewire/turbolinks@v0.1.4/dist/livewire-turbolinks.js]
[firsttruistcus.com/temp/fonts/materialdesignicons-webfonte910e910.eot]
[firsttruistcus.com/temp/fonts/materialdesignicons-webfonte910.49e910.delayed]
[firsttruistcus.com/temp/fonts/materialdesignicons-webfontd41dd41d.eot]
[firsttruistcus.com/temp/fonts/materialdesignicons-webfonte910e910.woff]
[firsttruistcus.com/temp/fonts/materialdesignicons-webfonte910-2e910.html]
[firsttruistcus.com/temp/css/materialdesignicons.min.css]
[firsttruistcus.com/temp/css/line.css]
[firsttruistcus.com/temp/images/task/bg.png]
[firsttruistcus.com/temp/images/process.png]
[firsttruistcus.com/temp/css/style.css]
[firsttruistcus.com/temp/css/colors/blue.css]
[firsttruistcus.com/storage/app/public/photos/photos/tIcwYUeq1quOiVebKPCbXbWbj5zDzA5BPRAurhvj.html]
[firsttruistcus.com/temp/js/bundle.html]
[firsttruistcus.com/temp/fonts/materialdesignicons-webfonte910e910.html]
[firsttruistcus.com/temp/fonts/materialdesignicons-webfonte910-2e910.html]
[firsttruistcus.com/temp/images/task/bg.html]
[firsttruistcus.com/temp/images/process.html]
